<?xml version="1.0" encoding="UTF-8"?>
<testsuite xmlns:xsi="http://www.w3.org/2001/XMLSchema-instance" xsi:noNamespaceSchemaLocation="https://maven.apache.org/surefire/maven-surefire-plugin/xsd/surefire-test-report-3.0.xsd" version="3.0" name="runners.RunCucumberTest" time="30.325" tests="1" errors="0" skipped="0" failures="0">
  <properties>
[...]
</properties>
  <testcase name="Submeter o Practice Form com sucesso" classname="Preencher formulário do DemoQA" time="29.723">
    <system-out><![CDATA[
Scenario: Submeter o Practice Form com sucesso     &amp#27;[90m# src/test/resources/features/CT01_PreenchimentodoFormul├írio.feature:3&amp#27;[0m
  &amp#27;[32mGiven &amp#27;[0m&amp#27;[32mque estou na pagina inicial do DemoQA&amp#27;[0m      &amp#27;[90m# steps.FormSteps.abrirSite()&amp#27;[0m
  &amp#27;[32mWhen &amp#27;[0m&amp#27;[32macesso o menu Forms&amp#27;[0m                         &amp#27;[90m# steps.FormSteps.acessoForms()&amp#27;[0m
  &amp#27;[32mAnd &amp#27;[0m&amp#27;[32mclico em Practice Form&amp#27;[0m                       &amp#27;[90m# steps.FormSteps.clicoPracticeForm()&amp#27;[0m
  &amp#27;[32mAnd &amp#27;[0m&amp#27;[32mpreencho todo o formulario com dados validos&amp#27;[0m &amp#27;[90m# steps.FormSteps.preencherFormulario()&amp#27;[0m
  &amp#27;[32mAnd &amp#27;[0m&amp#27;[32msubmeto o formulario&amp#27;[0m                         &amp#27;[90m# steps.FormSteps.submetoFormulario()&amp#27;[0m
  &amp#27;[32mThen &amp#27;[0m&amp#27;[32mo popup de confirmacao deve ser exibido&amp#27;[0m     &amp#27;[90m# steps.FormSteps.validarPopup()&amp#27;[0m
  &amp#27;[32mAnd &amp#27;[0m&amp#27;[32mfecho o popup&amp#27;[0m                                &amp#27;[90m# steps.FormSteps.fecharPopup()&amp#27;[0m
]]></system-out>
    <system-err><![CDATA[SLF4J(W): No SLF4J providers were found.
SLF4J(W): Defaulting to no-operation (NOP) logger implementation
SLF4J(W): See https://www.slf4j.org/codes.html#noProviders for further details.
jan. 08, 2026 10:01:34 AM org.openqa.selenium.devtools.CdpVersionFinder findNearestMatch
WARNING: Unable to find CDP implementation matching 143
jan. 08, 2026 10:01:34 AM org.openqa.selenium.chromium.ChromiumDriver lambda$new$5
WARNING: Unable to find version of CDP to use for 143.0.7499.170. You may need to include a dependency on a specific version of the CDP using something similar to `org.seleniumhq.selenium:selenium-devtools-v86:4.22.0` where the version ("v86") matches the version of the chromium-based browser you're using and the version number of the artifact is the same as Selenium's.
]]></system-err>
  </testcase>
</testsuite>