<?xml version="1.0" encoding="UTF-8"?>
<testsuite xmlns:xsi="http://www.w3.org/2001/XMLSchema-instance" xsi:noNamespaceSchemaLocation="https://maven.apache.org/surefire/maven-surefire-plugin/xsd/surefire-test-report-3.0.xsd" version="3.0" name="runners.TestRunner" time="13.628" tests="2" errors="0" skipped="0" failures="0">
  <properties>
[...]
</properties>
  <testcase name="Executar fluxo completo de criacao de usuario, token, autorizacao e aluguel de livros" classname="Fluxo completo da API DemoQA Bookstore" time="10.266">
    <system-out><![CDATA[
Scenario: Executar fluxo completo de criacao de usuario, token, autorizacao e aluguel de livros &amp#27;[90m# src/test/resources/features/CT01_BooksUserStore.feature:3&amp#27;[0m
  &amp#27;[32mGiven &amp#27;[0m&amp#27;[32mque eu crio um novo usuario&amp#27;[0m                                                             &amp#27;[90m# steps.BookUserSteps.criarUsuario()&amp#27;[0m
  &amp#27;[32mWhen &amp#27;[0m&amp#27;[32meu gero um token de acesso&amp#27;[0m                                                               &amp#27;[90m# steps.BookUserSteps.gerarToken()&amp#27;[0m
  &amp#27;[32mAnd &amp#27;[0m&amp#27;[32mverifico se o usuario est├í autorizado&amp#27;[0m                                                     &amp#27;[90m# steps.BookUserSteps.autorizado()&amp#27;[0m
  &amp#27;[32mAnd &amp#27;[0m&amp#27;[32mlisto todos os livros disponiveis&amp#27;[0m                                                         &amp#27;[90m# steps.BookUserSteps.listarLivros()&amp#27;[0m
  &amp#27;[32mAnd &amp#27;[0m&amp#27;[32malugo dois livros&amp#27;[0m                                                                         &amp#27;[90m# steps.BookUserSteps.alugar()&amp#27;[0m
  &amp#27;[32mThen &amp#27;[0m&amp#27;[32mo usuario deve conter os livros alugados&amp#27;[0m                                                 &amp#27;[90m# steps.BookUserSteps.validar()&amp#27;[0m
]]></system-out>
  </testcase>
  <testcase name="Tentativa de criar um usuario ja existente" classname="Fluxo Negativo de Cricao de usuario" time="2.231">
    <system-out><![CDATA[
Scenario: Tentativa de criar um usuario ja existente &amp#27;[90m# src/test/resources/features/CT02_CreateUserDuplicate_Negative.feature:3&amp#27;[0m
  &amp#27;[32mGiven &amp#27;[0m&amp#27;[32mque eu tenha um usuario ja criado&amp#27;[0m            &amp#27;[90m# steps.CreateUserCaseNegativeSteps.usuarioJaCriado()&amp#27;[0m
  &amp#27;[32mWhen &amp#27;[0m&amp#27;[32meu tento criar o mesmo usuario novamente&amp#27;[0m      &amp#27;[90m# steps.CreateUserCaseNegativeSteps.tentarCriarUsuarioDuplicado()&amp#27;[0m
  &amp#27;[32mThen &amp#27;[0m&amp#27;[32ma API deve retornar que o usuario ja existe&amp#27;[0m   &amp#27;[90m# steps.CreateUserCaseNegativeSteps.validarErroUsuarioDuplicado()&amp#27;[0m
]]></system-out>
  </testcase>
</testsuite>