<?xml version="1.0" encoding="UTF-8"?>
<testsuite xmlns:xsi="http://www.w3.org/2001/XMLSchema-instance" xsi:noNamespaceSchemaLocation="https://maven.apache.org/surefire/maven-surefire-plugin/xsd/surefire-test-report-3.0.xsd" version="3.0" name="runners.RunnerTest" time="28.647" tests="1" errors="0" skipped="0" failures="0">
  <properties>
[...]
</properties>
  <testcase name="Abrir nova janela" classname="Browser Windows DemoQA" time="27.95">
    <system-out><![CDATA[
Scenario: Abrir nova janela                                                        &amp#27;[90m# src/test/resources/features/CT01_JanelaseNavegadores.feature:3&amp#27;[0m
  &amp#27;[32mGiven &amp#27;[0m&amp#27;[32mque estou na pagina inicial do DemoQA&amp#27;[0m                                      &amp#27;[90m# steps.BrowserWindowsSteps.abrirSite()&amp#27;[0m
  &amp#27;[32mWhen &amp#27;[0m&amp#27;[32macesso o menu Alerts, Frame & Windows&amp#27;[0m                                       &amp#27;[90m# steps.BrowserWindowsSteps.acessoMenuAlertsFrameWindows()&amp#27;[0m
  &amp#27;[32mAnd &amp#27;[0m&amp#27;[32macesso o submenu Browser Windows&amp#27;[0m                                             &amp#27;[90m# steps.BrowserWindowsSteps.acessoSubmenuBrowserWindows()&amp#27;[0m
  &amp#27;[32mAnd &amp#27;[0m&amp#27;[32mclico no botao New Window&amp#27;[0m                                                    &amp#27;[90m# steps.BrowserWindowsSteps.clicarNewWindow()&amp#27;[0m
  &amp#27;[32mThen &amp#27;[0m&amp#27;[32muma nova janela deve ser aberta e exibir a mensagem &amp#27;[0m&amp#27;[32m&amp#27;[1m"This is a sample page"&amp#27;[0m &amp#27;[90m# steps.BrowserWindowsSteps.validarNovaJanela(java.lang.String)&amp#27;[0m
  &amp#27;[32mAnd &amp#27;[0m&amp#27;[32mfecho a nova janela&amp#27;[0m                                                          &amp#27;[90m# steps.BrowserWindowsSteps.fecharNovaJanela()&amp#27;[0m
]]></system-out>
    <system-err><![CDATA[SLF4J(W): No SLF4J providers were found.
SLF4J(W): Defaulting to no-operation (NOP) logger implementation
SLF4J(W): See https://www.slf4j.org/codes.html#noProviders for further details.
jan. 08, 2026 6:30:04 PM org.openqa.selenium.devtools.CdpVersionFinder findNearestMatch
WARNING: Unable to find CDP implementation matching 143
jan. 08, 2026 6:30:04 PM org.openqa.selenium.chromium.ChromiumDriver lambda$new$4
WARNING: Unable to find version of CDP to use for 143.0.7499.170. You may need to include a dependency on a specific version of the CDP using something similar to `org.seleniumhq.selenium:selenium-devtools-v86:4.33.0` where the version ("v86") matches the version of the chromium-based browser you're using and the version number of the artifact is the same as Selenium's.
]]></system-err>
  </testcase>
</testsuite>